<?xml version="1.0" encoding="UTF-8"?>
<!-- Generated by org.testng.reporters.JUnitReportReporter -->
<testsuite hostname="Mohamed" failures="0" tests="1" name="seleniumConcept.Execution" time="4.072" errors="0" timestamp="2023-04-06T18:34:48 EDT" skipped="0">
  <testcase classname="seleniumConcept.Execution" name="executionMethod" time="4.072"/>
  <system-out/>
</testsuite> <!-- seleniumConcept.Execution -->
